<?xml version="1.0" encoding="UTF-8"?>
<!-- Generated by org.testng.reporters.JUnitXMLReporter -->
<testsuite hostname="WSD014" ignored="0" name="Default test" tests="4" failures="0" timestamp="22 May 2017 10:53:11 GMT" time="0.081" errors="0">
  <testcase name="anotherclass" time="0.009" classname="org.demo.sachin.jagtap.NewTest"/>
  <testcase name="MyMethod1" time="0.003" classname="org.demo.sachin.jagtap.MyTest"/>
  <testcase name="MyMethod2" time="0.003" classname="org.demo.sachin.jagtap.MyTest"/>
  <testcase name="MyMethod3" time="0.006" classname="org.demo.sachin.jagtap.MyTest"/>
</testsuite> <!-- Default test -->
