<?xml version="1.0" encoding="UTF-8"?>
<testng-results skipped="0" failed="0" ignored="0" total="2" passed="2">
  <reporter-output>
  </reporter-output>
  <suite name="Automation tet" duration-ms="16501" started-at="2017-05-22T13:47:48Z" finished-at="2017-05-22T13:48:05Z">
    <groups>
      <group name="priority2">
        <method signature="NewTest.anotherclass(java.lang.String, java.lang.String)[pri:0, instance:demo123.NewTest@1184ab05]" name="anotherclass" class="demo123.NewTest"/>
      </group> <!-- priority2 -->
      <group name="priority1">
        <method signature="NewTest.anotherclass2()[pri:0, instance:demo123.NewTest@1184ab05]" name="anotherclass2" class="demo123.NewTest"/>
      </group> <!-- priority1 -->
    </groups>
    <test name="smoke test" duration-ms="16501" started-at="2017-05-22T13:47:48Z" finished-at="2017-05-22T13:48:05Z">
      <class name="demo123.NewTest">
        <test-method status="PASS" signature="anotherclass(java.lang.String, java.lang.String)[pri:0, instance:demo123.NewTest@1184ab05]" name="anotherclass" duration-ms="13932" started-at="2017-05-22T19:17:48Z" finished-at="2017-05-22T19:18:02Z">
          <params>
            <param index="0">
              <value>
                <![CDATA[abcd]]>
              </value>
            </param>
            <param index="1">
              <value>
                <![CDATA[wxyz]]>
              </value>
            </param>
          </params>
          <reporter-output>
          </reporter-output>
        </test-method> <!-- anotherclass -->
        <test-method status="PASS" signature="anotherclass2()[pri:0, instance:demo123.NewTest@1184ab05]" name="anotherclass2" duration-ms="2533" started-at="2017-05-22T19:18:02Z" finished-at="2017-05-22T19:18:05Z">
          <reporter-output>
          </reporter-output>
        </test-method> <!-- anotherclass2 -->
      </class> <!-- demo123.NewTest -->
    </test> <!-- smoke test -->
  </suite> <!-- Automation tet -->
</testng-results>
