<?xml version="1.0" encoding="UTF-8"?>
<!-- Generated by org.testng.reporters.JUnitXMLReporter -->
<testsuite hostname="WSD014" name="Command line test" tests="4" failures="0" timestamp="22 May 2017 11:07:37 GMT" time="0.026" errors="0">
  <testcase name="MyMethod1" time="0.001" classname="org.demo.sachin.jagtap.MyTest"/>
  <testcase name="MyMethod2" time="0.0" classname="org.demo.sachin.jagtap.MyTest"/>
  <testcase name="MyMethod3" time="0.0" classname="org.demo.sachin.jagtap.MyTest"/>
  <testcase name="anotherclass" time="0.001" classname="org.demo.sachin.jagtap.NewTest"/>
</testsuite> <!-- Command line test -->
